{"/mnt/c/workspace/typescript/scenery/src/components/scenery.ts": {"path":"/mnt/c/workspace/typescript/scenery/src/components/scenery.ts","all":false,"statementMap":{"0":{"start":{"line":1,"column":0},"end":{"line":1,"column":46}},"1":{"start":{"line":2,"column":0},"end":{"line":2,"column":44}},"2":{"start":{"line":3,"column":0},"end":{"line":3,"column":40}},"3":{"start":{"line":4,"column":0},"end":{"line":4,"column":0}},"4":{"start":{"line":5,"column":0},"end":{"line":5,"column":22}},"5":{"start":{"line":6,"column":0},"end":{"line":6,"column":47}},"6":{"start":{"line":7,"column":0},"end":{"line":7,"column":48}},"7":{"start":{"line":8,"column":0},"end":{"line":8,"column":44}},"8":{"start":{"line":9,"column":0},"end":{"line":9,"column":45}},"9":{"start":{"line":10,"column":0},"end":{"line":10,"column":45}},"10":{"start":{"line":11,"column":0},"end":{"line":11,"column":37}},"11":{"start":{"line":12,"column":0},"end":{"line":12,"column":91}},"12":{"start":{"line":13,"column":0},"end":{"line":13,"column":0}},"13":{"start":{"line":14,"column":0},"end":{"line":14,"column":26}},"14":{"start":{"line":15,"column":0},"end":{"line":15,"column":29}},"15":{"start":{"line":16,"column":0},"end":{"line":16,"column":5}},"16":{"start":{"line":17,"column":0},"end":{"line":17,"column":0}},"17":{"start":{"line":18,"column":0},"end":{"line":18,"column":40}},"18":{"start":{"line":19,"column":0},"end":{"line":19,"column":35}},"19":{"start":{"line":20,"column":0},"end":{"line":20,"column":26}},"20":{"start":{"line":21,"column":0},"end":{"line":21,"column":5}},"21":{"start":{"line":22,"column":0},"end":{"line":22,"column":0}},"22":{"start":{"line":23,"column":0},"end":{"line":23,"column":32}},"23":{"start":{"line":24,"column":0},"end":{"line":24,"column":21}},"24":{"start":{"line":25,"column":0},"end":{"line":25,"column":29}},"25":{"start":{"line":26,"column":0},"end":{"line":26,"column":31}},"26":{"start":{"line":27,"column":0},"end":{"line":27,"column":65}},"27":{"start":{"line":28,"column":0},"end":{"line":28,"column":62}},"28":{"start":{"line":29,"column":0},"end":{"line":29,"column":52}},"29":{"start":{"line":30,"column":0},"end":{"line":30,"column":0}},"30":{"start":{"line":31,"column":0},"end":{"line":31,"column":25}},"31":{"start":{"line":32,"column":0},"end":{"line":32,"column":70}},"32":{"start":{"line":33,"column":0},"end":{"line":33,"column":66}},"33":{"start":{"line":34,"column":0},"end":{"line":34,"column":73}},"34":{"start":{"line":35,"column":0},"end":{"line":35,"column":74}},"35":{"start":{"line":36,"column":0},"end":{"line":36,"column":14}},"36":{"start":{"line":37,"column":0},"end":{"line":37,"column":42}},"37":{"start":{"line":38,"column":0},"end":{"line":38,"column":16}},"38":{"start":{"line":39,"column":0},"end":{"line":39,"column":43}},"39":{"start":{"line":40,"column":0},"end":{"line":40,"column":60}},"40":{"start":{"line":41,"column":0},"end":{"line":41,"column":65}},"41":{"start":{"line":42,"column":0},"end":{"line":42,"column":9}},"42":{"start":{"line":43,"column":0},"end":{"line":43,"column":5}},"43":{"start":{"line":44,"column":0},"end":{"line":44,"column":0}},"44":{"start":{"line":45,"column":0},"end":{"line":45,"column":68}},"45":{"start":{"line":46,"column":0},"end":{"line":46,"column":0}},"46":{"start":{"line":47,"column":0},"end":{"line":47,"column":28}},"47":{"start":{"line":48,"column":0},"end":{"line":48,"column":49}},"48":{"start":{"line":49,"column":0},"end":{"line":49,"column":54}},"49":{"start":{"line":50,"column":0},"end":{"line":50,"column":42}},"50":{"start":{"line":51,"column":0},"end":{"line":51,"column":120}},"51":{"start":{"line":52,"column":0},"end":{"line":52,"column":34}},"52":{"start":{"line":53,"column":0},"end":{"line":53,"column":80}},"53":{"start":{"line":54,"column":0},"end":{"line":54,"column":57}},"54":{"start":{"line":55,"column":0},"end":{"line":55,"column":82}},"55":{"start":{"line":56,"column":0},"end":{"line":56,"column":114}},"56":{"start":{"line":57,"column":0},"end":{"line":57,"column":42}},"57":{"start":{"line":58,"column":0},"end":{"line":58,"column":55}},"58":{"start":{"line":59,"column":0},"end":{"line":59,"column":21}},"59":{"start":{"line":60,"column":0},"end":{"line":60,"column":18}},"60":{"start":{"line":61,"column":0},"end":{"line":61,"column":54}},"61":{"start":{"line":62,"column":0},"end":{"line":62,"column":51}},"62":{"start":{"line":63,"column":0},"end":{"line":63,"column":17}},"63":{"start":{"line":64,"column":0},"end":{"line":64,"column":14}},"64":{"start":{"line":65,"column":0},"end":{"line":65,"column":38}},"65":{"start":{"line":66,"column":0},"end":{"line":66,"column":39}},"66":{"start":{"line":67,"column":0},"end":{"line":67,"column":11}},"67":{"start":{"line":68,"column":0},"end":{"line":68,"column":5}},"68":{"start":{"line":69,"column":0},"end":{"line":69,"column":0}},"69":{"start":{"line":70,"column":0},"end":{"line":70,"column":38}},"70":{"start":{"line":71,"column":0},"end":{"line":71,"column":0}},"71":{"start":{"line":72,"column":0},"end":{"line":72,"column":56}},"72":{"start":{"line":73,"column":0},"end":{"line":73,"column":49}},"73":{"start":{"line":74,"column":0},"end":{"line":74,"column":37}},"74":{"start":{"line":75,"column":0},"end":{"line":75,"column":36}},"75":{"start":{"line":76,"column":0},"end":{"line":76,"column":41}},"76":{"start":{"line":77,"column":0},"end":{"line":77,"column":48}},"77":{"start":{"line":78,"column":0},"end":{"line":78,"column":39}},"78":{"start":{"line":79,"column":0},"end":{"line":79,"column":44}},"79":{"start":{"line":80,"column":0},"end":{"line":80,"column":33}},"80":{"start":{"line":81,"column":0},"end":{"line":81,"column":28}},"81":{"start":{"line":82,"column":0},"end":{"line":82,"column":52}},"82":{"start":{"line":83,"column":0},"end":{"line":83,"column":66}},"83":{"start":{"line":84,"column":0},"end":{"line":84,"column":48}},"84":{"start":{"line":85,"column":0},"end":{"line":85,"column":62}},"85":{"start":{"line":86,"column":0},"end":{"line":86,"column":25}},"86":{"start":{"line":87,"column":0},"end":{"line":87,"column":21}},"87":{"start":{"line":88,"column":0},"end":{"line":88,"column":33}},"88":{"start":{"line":89,"column":0},"end":{"line":89,"column":20}},"89":{"start":{"line":90,"column":0},"end":{"line":90,"column":26}},"90":{"start":{"line":91,"column":0},"end":{"line":91,"column":13}},"91":{"start":{"line":92,"column":0},"end":{"line":92,"column":11}},"92":{"start":{"line":93,"column":0},"end":{"line":93,"column":5}},"93":{"start":{"line":94,"column":0},"end":{"line":94,"column":0}},"94":{"start":{"line":95,"column":0},"end":{"line":95,"column":78}},"95":{"start":{"line":96,"column":0},"end":{"line":96,"column":80}},"96":{"start":{"line":97,"column":0},"end":{"line":97,"column":28}},"97":{"start":{"line":98,"column":0},"end":{"line":98,"column":55}},"98":{"start":{"line":99,"column":0},"end":{"line":99,"column":55}},"99":{"start":{"line":100,"column":0},"end":{"line":100,"column":39}},"100":{"start":{"line":101,"column":0},"end":{"line":101,"column":48}},"101":{"start":{"line":102,"column":0},"end":{"line":102,"column":16}},"102":{"start":{"line":103,"column":0},"end":{"line":103,"column":61}},"103":{"start":{"line":104,"column":0},"end":{"line":104,"column":37}},"104":{"start":{"line":105,"column":0},"end":{"line":105,"column":9}},"105":{"start":{"line":106,"column":0},"end":{"line":106,"column":5}},"106":{"start":{"line":107,"column":0},"end":{"line":107,"column":0}},"107":{"start":{"line":108,"column":0},"end":{"line":108,"column":78}},"108":{"start":{"line":109,"column":0},"end":{"line":109,"column":32}},"109":{"start":{"line":110,"column":0},"end":{"line":110,"column":47}},"110":{"start":{"line":111,"column":0},"end":{"line":111,"column":50}},"111":{"start":{"line":112,"column":0},"end":{"line":112,"column":55}},"112":{"start":{"line":113,"column":0},"end":{"line":113,"column":13}},"113":{"start":{"line":114,"column":0},"end":{"line":114,"column":51}},"114":{"start":{"line":115,"column":0},"end":{"line":115,"column":37}},"115":{"start":{"line":116,"column":0},"end":{"line":116,"column":43}},"116":{"start":{"line":117,"column":0},"end":{"line":117,"column":64}},"117":{"start":{"line":118,"column":0},"end":{"line":118,"column":50}},"118":{"start":{"line":119,"column":0},"end":{"line":119,"column":29}},"119":{"start":{"line":120,"column":0},"end":{"line":120,"column":59}},"120":{"start":{"line":121,"column":0},"end":{"line":121,"column":52}},"121":{"start":{"line":122,"column":0},"end":{"line":122,"column":21}},"122":{"start":{"line":123,"column":0},"end":{"line":123,"column":91}},"123":{"start":{"line":124,"column":0},"end":{"line":124,"column":71}},"124":{"start":{"line":125,"column":0},"end":{"line":125,"column":93}},"125":{"start":{"line":126,"column":0},"end":{"line":126,"column":45}},"126":{"start":{"line":127,"column":0},"end":{"line":127,"column":72}},"127":{"start":{"line":128,"column":0},"end":{"line":128,"column":29}},"128":{"start":{"line":129,"column":0},"end":{"line":129,"column":84}},"129":{"start":{"line":130,"column":0},"end":{"line":130,"column":27}},"130":{"start":{"line":131,"column":0},"end":{"line":131,"column":18}},"131":{"start":{"line":132,"column":0},"end":{"line":132,"column":46}},"132":{"start":{"line":133,"column":0},"end":{"line":133,"column":9}},"133":{"start":{"line":134,"column":0},"end":{"line":134,"column":5}},"134":{"start":{"line":135,"column":0},"end":{"line":135,"column":0}},"135":{"start":{"line":136,"column":0},"end":{"line":136,"column":68}},"136":{"start":{"line":137,"column":0},"end":{"line":137,"column":56}},"137":{"start":{"line":138,"column":0},"end":{"line":138,"column":29}},"138":{"start":{"line":139,"column":0},"end":{"line":139,"column":50}},"139":{"start":{"line":140,"column":0},"end":{"line":140,"column":16}},"140":{"start":{"line":141,"column":0},"end":{"line":141,"column":45}},"141":{"start":{"line":142,"column":0},"end":{"line":142,"column":59}},"142":{"start":{"line":143,"column":0},"end":{"line":143,"column":9}},"143":{"start":{"line":144,"column":0},"end":{"line":144,"column":5}},"144":{"start":{"line":145,"column":0},"end":{"line":145,"column":0}},"145":{"start":{"line":146,"column":0},"end":{"line":146,"column":69}},"146":{"start":{"line":147,"column":0},"end":{"line":147,"column":60}},"147":{"start":{"line":148,"column":0},"end":{"line":148,"column":41}},"148":{"start":{"line":149,"column":0},"end":{"line":149,"column":41}},"149":{"start":{"line":150,"column":0},"end":{"line":150,"column":46}},"150":{"start":{"line":151,"column":0},"end":{"line":151,"column":34}},"151":{"start":{"line":152,"column":0},"end":{"line":152,"column":51}},"152":{"start":{"line":153,"column":0},"end":{"line":153,"column":51}},"153":{"start":{"line":154,"column":0},"end":{"line":154,"column":24}},"154":{"start":{"line":155,"column":0},"end":{"line":155,"column":42}},"155":{"start":{"line":156,"column":0},"end":{"line":156,"column":42}},"156":{"start":{"line":157,"column":0},"end":{"line":157,"column":60}},"157":{"start":{"line":158,"column":0},"end":{"line":158,"column":34}},"158":{"start":{"line":159,"column":0},"end":{"line":159,"column":17}},"159":{"start":{"line":160,"column":0},"end":{"line":160,"column":26}},"160":{"start":{"line":161,"column":0},"end":{"line":161,"column":11}},"161":{"start":{"line":162,"column":0},"end":{"line":162,"column":5}},"162":{"start":{"line":163,"column":0},"end":{"line":163,"column":1}}},"s":{"0":1,"1":1,"2":1,"3":1,"4":1,"5":1,"6":1,"7":1,"8":1,"9":1,"10":1,"11":1,"12":1,"13":1,"14":1,"15":1,"16":1,"17":1,"18":1,"19":1,"20":1,"21":1,"22":1,"23":1,"24":1,"25":0,"26":0,"27":0,"28":0,"29":0,"30":0,"31":0,"32":0,"33":0,"34":0,"35":0,"36":0,"37":1,"38":1,"39":1,"40":1,"41":1,"42":1,"43":1,"44":1,"45":1,"46":1,"47":0,"48":0,"49":0,"50":0,"51":0,"52":0,"53":0,"54":0,"55":0,"56":0,"57":0,"58":0,"59":0,"60":0,"61":0,"62":0,"63":0,"64":0,"65":0,"66":0,"67":0,"68":1,"69":1,"70":1,"71":1,"72":0,"73":0,"74":0,"75":0,"76":0,"77":0,"78":0,"79":0,"80":0,"81":0,"82":0,"83":0,"84":0,"85":0,"86":0,"87":0,"88":0,"89":0,"90":0,"91":0,"92":0,"93":1,"94":1,"95":1,"96":1,"97":1,"98":0,"99":0,"100":0,"101":0,"102":0,"103":0,"104":0,"105":0,"106":1,"107":1,"108":1,"109":0,"110":0,"111":0,"112":0,"113":0,"114":0,"115":0,"116":0,"117":0,"118":0,"119":0,"120":0,"121":0,"122":0,"123":0,"124":0,"125":0,"126":0,"127":0,"128":0,"129":0,"130":0,"131":0,"132":0,"133":0,"134":1,"135":1,"136":0,"137":0,"138":0,"139":0,"140":0,"141":0,"142":0,"143":0,"144":1,"145":1,"146":0,"147":0,"148":0,"149":0,"150":0,"151":0,"152":0,"153":0,"154":0,"155":0,"156":0,"157":0,"158":0,"159":0,"160":0,"161":0,"162":1},"branchMap":{"0":{"type":"branch","line":14,"loc":{"start":{"line":14,"column":4},"end":{"line":16,"column":5}},"locations":[{"start":{"line":14,"column":4},"end":{"line":16,"column":5}}]},"1":{"type":"branch","line":18,"loc":{"start":{"line":18,"column":4},"end":{"line":21,"column":5}},"locations":[{"start":{"line":18,"column":4},"end":{"line":21,"column":5}}]},"2":{"type":"branch","line":23,"loc":{"start":{"line":23,"column":12},"end":{"line":43,"column":5}},"locations":[{"start":{"line":23,"column":12},"end":{"line":43,"column":5}}]},"3":{"type":"branch","line":25,"loc":{"start":{"line":25,"column":28},"end":{"line":38,"column":9}},"locations":[{"start":{"line":25,"column":28},"end":{"line":38,"column":9}}]}},"b":{"0":[1],"1":[1],"2":[1],"3":[0]},"fnMap":{"0":{"name":"Scenery","decl":{"start":{"line":14,"column":4},"end":{"line":16,"column":5}},"loc":{"start":{"line":14,"column":4},"end":{"line":16,"column":5}},"line":14},"1":{"name":"value","decl":{"start":{"line":45,"column":15},"end":{"line":45,"column":68}},"loc":{"start":{"line":45,"column":15},"end":{"line":45,"column":68}},"line":45},"2":{"name":"value","decl":{"start":{"line":70,"column":20},"end":{"line":70,"column":38}},"loc":{"start":{"line":70,"column":20},"end":{"line":70,"column":38}},"line":70},"3":{"name":"init","decl":{"start":{"line":18,"column":4},"end":{"line":21,"column":5}},"loc":{"start":{"line":18,"column":4},"end":{"line":21,"column":5}},"line":18},"4":{"name":"initialize","decl":{"start":{"line":23,"column":12},"end":{"line":43,"column":5}},"loc":{"start":{"line":23,"column":12},"end":{"line":43,"column":5}},"line":23},"5":{"name":"three_1.DefaultLoadingManager.onProgress","decl":{"start":{"line":32,"column":47},"end":{"line":36,"column":13}},"loc":{"start":{"line":32,"column":47},"end":{"line":36,"column":13}},"line":32},"6":{"name":"setup","decl":{"start":{"line":47,"column":4},"end":{"line":68,"column":5}},"loc":{"start":{"line":47,"column":4},"end":{"line":68,"column":5}},"line":47},"7":{"name":"finishLoading","decl":{"start":{"line":72,"column":12},"end":{"line":93,"column":5}},"loc":{"start":{"line":72,"column":12},"end":{"line":93,"column":5}},"line":72},"8":{"name":"loadArena","decl":{"start":{"line":98,"column":4},"end":{"line":106,"column":5}},"loc":{"start":{"line":98,"column":4},"end":{"line":106,"column":5}},"line":98},"9":{"name":"transition","decl":{"start":{"line":109,"column":12},"end":{"line":134,"column":5}},"loc":{"start":{"line":109,"column":12},"end":{"line":134,"column":5}},"line":109},"10":{"name":"fadeOutArena","decl":{"start":{"line":136,"column":12},"end":{"line":144,"column":5}},"loc":{"start":{"line":136,"column":12},"end":{"line":144,"column":5}},"line":136},"11":{"name":"fadeOut","decl":{"start":{"line":146,"column":12},"end":{"line":162,"column":5}},"loc":{"start":{"line":146,"column":12},"end":{"line":162,"column":5}},"line":146}},"f":{"0":1,"1":0,"2":0,"3":1,"4":1,"5":0,"6":0,"7":0,"8":0,"9":0,"10":0,"11":0}}
,"/mnt/c/workspace/typescript/scenery/src/components/three-detector.ts": {"path":"/mnt/c/workspace/typescript/scenery/src/components/three-detector.ts","all":false,"statementMap":{"0":{"start":{"line":1,"column":0},"end":{"line":1,"column":3}},"1":{"start":{"line":2,"column":0},"end":{"line":2,"column":47}},"2":{"start":{"line":3,"column":0},"end":{"line":3,"column":39}},"3":{"start":{"line":4,"column":0},"end":{"line":4,"column":3}},"4":{"start":{"line":5,"column":0},"end":{"line":5,"column":0}},"5":{"start":{"line":6,"column":0},"end":{"line":6,"column":18}},"6":{"start":{"line":7,"column":0},"end":{"line":7,"column":0}},"7":{"start":{"line":8,"column":0},"end":{"line":8,"column":44}},"8":{"start":{"line":9,"column":0},"end":{"line":9,"column":23}},"9":{"start":{"line":10,"column":0},"end":{"line":10,"column":0}},"10":{"start":{"line":11,"column":0},"end":{"line":11,"column":7}},"11":{"start":{"line":12,"column":0},"end":{"line":12,"column":0}},"12":{"start":{"line":13,"column":0},"end":{"line":13,"column":178}},"13":{"start":{"line":14,"column":0},"end":{"line":14,"column":0}},"14":{"start":{"line":15,"column":0},"end":{"line":15,"column":17}},"15":{"start":{"line":16,"column":0},"end":{"line":16,"column":0}},"16":{"start":{"line":17,"column":0},"end":{"line":17,"column":16}},"17":{"start":{"line":18,"column":0},"end":{"line":18,"column":0}},"18":{"start":{"line":19,"column":0},"end":{"line":19,"column":3}},"19":{"start":{"line":20,"column":0},"end":{"line":20,"column":0}},"20":{"start":{"line":21,"column":0},"end":{"line":21,"column":7}},"21":{"start":{"line":22,"column":0},"end":{"line":22,"column":27}},"22":{"start":{"line":23,"column":0},"end":{"line":23,"column":77}},"23":{"start":{"line":24,"column":0},"end":{"line":24,"column":0}},"24":{"start":{"line":25,"column":0},"end":{"line":25,"column":52}},"25":{"start":{"line":26,"column":0},"end":{"line":26,"column":0}},"26":{"start":{"line":27,"column":0},"end":{"line":27,"column":50}},"27":{"start":{"line":28,"column":0},"end":{"line":28,"column":37}},"28":{"start":{"line":29,"column":0},"end":{"line":29,"column":41}},"29":{"start":{"line":30,"column":0},"end":{"line":30,"column":34}},"30":{"start":{"line":31,"column":0},"end":{"line":31,"column":38}},"31":{"start":{"line":32,"column":0},"end":{"line":32,"column":37}},"32":{"start":{"line":33,"column":0},"end":{"line":33,"column":36}},"33":{"start":{"line":34,"column":0},"end":{"line":34,"column":31}},"34":{"start":{"line":35,"column":0},"end":{"line":35,"column":34}},"35":{"start":{"line":36,"column":0},"end":{"line":36,"column":32}},"36":{"start":{"line":37,"column":0},"end":{"line":37,"column":38}},"37":{"start":{"line":38,"column":0},"end":{"line":38,"column":0}},"38":{"start":{"line":39,"column":0},"end":{"line":39,"column":23}},"39":{"start":{"line":40,"column":0},"end":{"line":40,"column":0}},"40":{"start":{"line":41,"column":0},"end":{"line":41,"column":55}},"41":{"start":{"line":42,"column":0},"end":{"line":42,"column":157}},"42":{"start":{"line":43,"column":0},"end":{"line":43,"column":89}},"43":{"start":{"line":44,"column":0},"end":{"line":44,"column":21}},"44":{"start":{"line":45,"column":0},"end":{"line":45,"column":150}},"45":{"start":{"line":46,"column":0},"end":{"line":46,"column":89}},"46":{"start":{"line":47,"column":0},"end":{"line":47,"column":18}},"47":{"start":{"line":48,"column":0},"end":{"line":48,"column":0}},"48":{"start":{"line":49,"column":0},"end":{"line":49,"column":3}},"49":{"start":{"line":50,"column":0},"end":{"line":50,"column":0}},"50":{"start":{"line":51,"column":0},"end":{"line":51,"column":17}},"51":{"start":{"line":52,"column":0},"end":{"line":52,"column":0}},"52":{"start":{"line":53,"column":0},"end":{"line":53,"column":3}},"53":{"start":{"line":54,"column":0},"end":{"line":54,"column":0}},"54":{"start":{"line":55,"column":0},"end":{"line":55,"column":76}},"55":{"start":{"line":56,"column":0},"end":{"line":56,"column":0}},"56":{"start":{"line":57,"column":0},"end":{"line":57,"column":32}},"57":{"start":{"line":58,"column":0},"end":{"line":58,"column":0}},"58":{"start":{"line":59,"column":0},"end":{"line":59,"column":85}},"59":{"start":{"line":60,"column":0},"end":{"line":60,"column":67}},"60":{"start":{"line":61,"column":0},"end":{"line":61,"column":0}},"61":{"start":{"line":62,"column":0},"end":{"line":62,"column":50}},"62":{"start":{"line":63,"column":0},"end":{"line":63,"column":18}},"63":{"start":{"line":64,"column":0},"end":{"line":64,"column":0}},"64":{"start":{"line":65,"column":0},"end":{"line":65,"column":32}},"65":{"start":{"line":66,"column":0},"end":{"line":66,"column":0}},"66":{"start":{"line":67,"column":0},"end":{"line":67,"column":2}},"67":{"start":{"line":68,"column":0},"end":{"line":68,"column":0}},"68":{"start":{"line":69,"column":0},"end":{"line":69,"column":2}},"69":{"start":{"line":70,"column":0},"end":{"line":70,"column":0}},"70":{"start":{"line":71,"column":0},"end":{"line":71,"column":24}}},"s":{"0":1,"1":1,"2":1,"3":1,"4":1,"5":1,"6":1,"7":1,"8":1,"9":1,"10":1,"11":1,"12":1,"13":1,"14":1,"15":0,"16":0,"17":0,"18":0,"19":1,"20":1,"21":1,"22":1,"23":1,"24":1,"25":1,"26":1,"27":1,"28":1,"29":1,"30":1,"31":1,"32":1,"33":1,"34":1,"35":1,"36":1,"37":1,"38":1,"39":1,"40":1,"41":0,"42":0,"43":1,"44":1,"45":1,"46":1,"47":1,"48":1,"49":1,"50":1,"51":1,"52":1,"53":1,"54":1,"55":0,"56":0,"57":0,"58":0,"59":0,"60":0,"61":0,"62":0,"63":0,"64":0,"65":0,"66":0,"67":1,"68":1,"69":1,"70":1},"branchMap":{"0":{"type":"branch","line":9,"loc":{"start":{"line":9,"column":10},"end":{"line":21,"column":2}},"locations":[{"start":{"line":9,"column":10},"end":{"line":21,"column":2}}]},"1":{"type":"branch","line":13,"loc":{"start":{"line":13,"column":94},"end":{"line":13,"column":175}},"locations":[{"start":{"line":13,"column":94},"end":{"line":13,"column":175}}]},"2":{"type":"branch","line":15,"loc":{"start":{"line":15,"column":4},"end":{"line":19,"column":3}},"locations":[{"start":{"line":15,"column":4},"end":{"line":19,"column":3}}]},"3":{"type":"branch","line":25,"loc":{"start":{"line":25,"column":23},"end":{"line":53,"column":2}},"locations":[{"start":{"line":25,"column":23},"end":{"line":53,"column":2}}]},"4":{"type":"branch","line":41,"loc":{"start":{"line":41,"column":52},"end":{"line":44,"column":17}},"locations":[{"start":{"line":41,"column":52},"end":{"line":44,"column":17}}]}},"b":{"0":[1],"1":[0],"2":[0],"3":[1],"4":[0]},"fnMap":{"0":{"name":"getWebGLErrorMessage","decl":{"start":{"line":25,"column":23},"end":{"line":53,"column":2}},"loc":{"start":{"line":25,"column":23},"end":{"line":53,"column":2}},"line":25},"1":{"name":"addGetWebGLMessage","decl":{"start":{"line":55,"column":21},"end":{"line":67,"column":2}},"loc":{"start":{"line":55,"column":21},"end":{"line":67,"column":2}},"line":55}},"f":{"0":1,"1":0}}
}
